This is LuaHBTeX, Version 1.16.0 (MiKTeX 23.1) (format=lualatex 2023.2.21)  25 MAY 2023 01:42
 system commands enabled.
**\def\tikzexternalrealjob{main}\input{main}
Lua module: luaotfload 2022-10-03 3.23 Lua based OpenType font support
Lua module: lualibs 2022-10-04 2.75 ConTeXt Lua standard libraries.
Lua module: lualibs-extended 2022-10-04 2.75 ConTeXt Lua libraries -- extended collection.
luaotfload | conf : Root cache directory is "C:/Users/chris/AppData/Local/MiKTeX/luatex-cache/generic/names".
luaotfload | init : Loading fontloader "fontloader-2022-10-03.lua" from kpse-resolved path "C:/Users/chris/AppData/Local/Programs/MiKTeX/tex/luatex/luaotfload/fontloader-2022-10-03.lua".
Lua-only attribute luaotfload@noligature = 1
luaotfload | init : Context OpenType loader version 3.120
Inserting `luaotfload.node_processor' in `pre_linebreak_filter'.
Inserting `luaotfload.node_processor' in `hpack_filter'.
Inserting `luaotfload.glyph_stream' in `glyph_stream_provider'.
Inserting `luaotfload.define_font' in `define_font'.
Lua-only attribute luaotfload_color_attribute = 2
luaotfload | conf : Root cache directory is "C:/Users/chris/AppData/Local/MiKTeX/luatex-cache/generic/names".
Inserting `luaotfload.harf.strip_prefix' in `find_opentype_file'.
Inserting `luaotfload.harf.strip_prefix' in `find_truetype_file'.
Removing  `luaotfload.glyph_stream' from `glyph_stream_provider'.
Inserting `luaotfload.harf.glyphstream' in `glyph_stream_provider'.
Inserting `luaotfload.harf.finalize_vlist' in `post_linebreak_filter'.
Inserting `luaotfload.harf.finalize_hlist' in `hpack_filter'.
Inserting `luaotfload.cleanup_files' in `wrapup_run'.
Inserting `luaotfload.harf.finalize_unicode' in `finish_pdffile'.
Inserting `luaotfload.glyphinfo' in `glyph_info'.
Lua-only attribute luaotfload.letterspace_done = 3
Inserting `luaotfload.aux.set_sscale_dimens' in `luaotfload.patch_font'.
Inserting `luaotfload.aux.set_font_index' in `luaotfload.patch_font'.
Inserting `luaotfload.aux.patch_cambria_domh' in `luaotfload.patch_font'.
Inserting `luaotfload.aux.fixup_fontdata' in `luaotfload.patch_font_unsafe'.
Inserting `luaotfload.aux.set_capheight' in `luaotfload.patch_font'.
Inserting `luaotfload.aux.set_xheight' in `luaotfload.patch_font'.
Inserting `luaotfload.rewrite_fontname' in `luaotfload.patch_font'.
Inserting `tracingstacklevels' in `input_level_string'.
(./main.tex (C:/Users/chris/AppData/Local/Programs/MiKTeX/tex/latex/base/report
.cls
Document Class: report 2022/07/02 v1.4n Standard LaTeX document class
(C:/Users/chris/AppData/Local/Programs/MiKTeX/tex/latex/base/size12.clo
File: size12.clo 2022/07/02 v1.4n Standard LaTeX file (size option)
luaotfload | db : Font names database loaded from C:/Users/chris/AppData/Local/M
iKTeX/luatex-cache/generic/names/luaotfload-names.luc.gz)
\c@part=\count183
\c@chapter=\count184
\c@section=\count185
\c@subsection=\count186
\c@subsubsection=\count187
\c@paragraph=\count188
\c@subparagraph=\count189
\c@figure=\count190
\c@table=\count191
\abovecaptionskip=\skip48
\belowcaptionskip=\skip49
\bibindent=\dimen139
) (C:/Users/chris/AppData/Local/Programs/MiKTeX/tex/latex/tools/shellesc.sty
Package: shellesc 2019/11/08 v1.0c unified shell escape interface for LaTeX
Package shellesc Info: Unrestricted shell escape enabled on input line 75.
) (C:/Users/chris/AppData/Local/Programs/MiKTeX/tex/latex/geometry/geometry.sty
Package: geometry 2020/01/02 v5.9 Page Geometry
(C:/Users/chris/AppData/Local/Programs/MiKTeX/tex/latex/graphics/keyval.sty
Package: keyval 2022/05/29 v1.15 key=value parser (DPC)
\KV@toks@=\toks16
) (C:/Users/chris/AppData/Local/Programs/MiKTeX/tex/generic/iftex/ifvtex.sty
Package: ifvtex 2019/10/25 v1.7 ifvtex legacy package. Use iftex instead.
(C:/Users/chris/AppData/Local/Programs/MiKTeX/tex/generic/iftex/iftex.sty
Package: iftex 2022/02/03 v1.0f TeX engine tests
))
\Gm@cnth=\count192
\Gm@cntv=\count193
\c@Gm@tempcnt=\count194
\Gm@bindingoffset=\dimen140
\Gm@wd@mp=\dimen141
\Gm@odd@mp=\dimen142
\Gm@even@mp=\dimen143
\Gm@layoutwidth=\dimen144
\Gm@layoutheight=\dimen145
\Gm@layouthoffset=\dimen146
\Gm@layoutvoffset=\dimen147
\Gm@dimlist=\toks17
(C:/Users/chris/AppData/Local/Programs/MiKTeX/tex/latex/geometry/geometry.cfg)) (C:/Users/chris/AppData/Local/Programs/MiKTeX/tex/latex/fancyhdr/fancyhdr.sty
Package: fancyhdr 2022/11/09 v4.1 Extensive control of page headers and footers

\f@nch@headwidth=\skip50
\f@nch@O@elh=\skip51
\f@nch@O@erh=\skip52
\f@nch@O@olh=\skip53
\f@nch@O@orh=\skip54
\f@nch@O@elf=\skip55
\f@nch@O@erf=\skip56
\f@nch@O@olf=\skip57
\f@nch@O@orf=\skip58
) (C:/Users/chris/AppData/Local/Programs/MiKTeX/tex/latex/natbib/natbib.sty
Package: natbib 2010/09/13 8.31b (PWD, AO)
\bibhang=\skip59
\bibsep=\skip60
LaTeX Info: Redefining \cite on input line 694.
\c@NAT@ctr=\count195
) (C:/Users/chris/AppData/Local/Programs/MiKTeX/tex/latex/graphics/graphicx.sty
Package: graphicx 2021/09/16 v1.2d Enhanced LaTeX Graphics (DPC,SPQR)
(C:/Users/chris/AppData/Local/Programs/MiKTeX/tex/latex/graphics/graphics.sty
Package: graphics 2022/03/10 v1.4e Standard LaTeX Graphics (DPC,SPQR)
(C:/Users/chris/AppData/Local/Programs/MiKTeX/tex/latex/graphics/trig.sty
Package: trig 2021/08/11 v1.11 sin cos tan (DPC)
)
(C:/Users/chris/AppData/Local/Programs/MiKTeX/tex/latex/graphics-cfg/graphics.c
fg
File: graphics.cfg 2016/06/04 v1.11 sample graphics configuration
)
Package graphics Info: Driver file: luatex.def on input line 107.

(C:/Users/chris/AppData/Local/Programs/MiKTeX/tex/latex/graphics-def/luatex.def
File: luatex.def 2022/09/22 v1.2d Graphics/color driver for luatex
))
\Gin@req@height=\dimen148
\Gin@req@width=\dimen149
) (C:/Users/chris/AppData/Local/Programs/MiKTeX/tex/latex/siunitx/siunitx.sty
Package: siunitx 2023-04-13 v3.2.5 A comprehensive (SI) units package
\l__siunitx_angle_tmp_dim=\dimen150
\l__siunitx_angle_marker_box=\box51
\l__siunitx_angle_unit_box=\box52
\l__siunitx_compound_count_int=\count196

(C:/Users/chris/AppData/Local/Programs/MiKTeX/tex/latex/translations/translatio
ns.sty
Package: translations 2022/02/05 v1.12 internationalization of LaTeX2e packages
 (CN)
(C:/Users/chris/AppData/Local/Programs/MiKTeX/tex/latex/etoolbox/etoolbox.sty
Package: etoolbox 2020/10/05 v2.5k e-TeX tools for LaTeX (JAW)
\etb@tempcnta=\count197
)
(C:/Users/chris/AppData/Local/Programs/MiKTeX/tex/generic/pdftexcmds/pdftexcmds
.sty
Package: pdftexcmds 2020-06-27 v0.33 Utility functions of pdfTeX for LuaTeX (HO
)

(C:/Users/chris/AppData/Local/Programs/MiKTeX/tex/generic/infwarerr/infwarerr.s
ty
Package: infwarerr 2019/12/03 v1.5 Providing info/warning/error messages (HO)
) (C:/Users/chris/AppData/Local/Programs/MiKTeX/tex/generic/ltxcmds/ltxcmds.sty
Package: ltxcmds 2020-05-10 v1.25 LaTeX kernel commands for general use (HO)
)
Package pdftexcmds Info: \pdf@primitive is available.
Package pdftexcmds Info: \pdf@ifprimitive is available.
Package pdftexcmds Info: \pdfdraftmode found.
\pdftexcmds@toks=\toks18
))
\l__siunitx_number_exponent_fixed_int=\count198
\l__siunitx_number_min_decimal_int=\count199
\l__siunitx_number_min_integer_int=\count266
\l__siunitx_number_round_precision_int=\count267
\l__siunitx_number_lower_threshold_int=\count268
\l__siunitx_number_upper_threshold_int=\count269
\l__siunitx_number_group_first_int=\count270
\l__siunitx_number_group_size_int=\count271
\l__siunitx_number_group_minimum_int=\count272
(C:/Users/chris/AppData/Local/Programs/MiKTeX/tex/latex/amsmath/amstext.sty
Package: amstext 2021/08/26 v2.01 AMS text
(C:/Users/chris/AppData/Local/Programs/MiKTeX/tex/latex/amsmath/amsgen.sty
File: amsgen.sty 1999/11/30 v2.0 generic functions
\@emptytoks=\toks19
\ex@=\dimen151
))
\l__siunitx_table_tmp_box=\box53
\l__siunitx_table_tmp_dim=\dimen152
\l__siunitx_table_column_width_dim=\dimen153
\l__siunitx_table_integer_box=\box54
\l__siunitx_table_decimal_box=\box55
\l__siunitx_table_uncert_box=\box56
\l__siunitx_table_before_box=\box57
\l__siunitx_table_after_box=\box58
\l__siunitx_table_before_dim=\dimen154
\l__siunitx_table_carry_dim=\dimen155
\l__siunitx_unit_tmp_int=\count273
\l__siunitx_unit_position_int=\count274
\l__siunitx_unit_total_int=\count275
(C:/Users/chris/AppData/Local/Programs/MiKTeX/tex/latex/tools/array.sty
Package: array 2022/03/10 v2.5f Tabular extension package (FMi)
\col@sep=\dimen156
\ar@mcellbox=\box59
\extrarowheight=\dimen157
\NC@list=\toks20
\extratabsurround=\skip61
\backup@length=\skip62
\ar@cellbox=\box60
)) (C:/Users/chris/AppData/Local/Programs/MiKTeX/tex/latex/placeins/placeins.st
y
Package: placeins 2005/04/18  v 2.2
) (C:/Users/chris/AppData/Local/Programs/MiKTeX/tex/latex/csquotes/csquotes.sty
Package: csquotes 2022-09-14 v5.2n context-sensitive quotations (JAW)
\csq@reset=\count276
\csq@gtype=\count277
\csq@glevel=\count278
\csq@qlevel=\count279
\csq@maxlvl=\count280
\csq@tshold=\count281
\csq@ltx@everypar=\toks21
(C:/Users/chris/AppData/Local/Programs/MiKTeX/tex/latex/csquotes/csquotes.def
File: csquotes.def 2022-09-14 v5.2n csquotes generic definitions (JAW)
)
Package csquotes Info: Trying to load configuration file 'csquotes.cfg'...
Package csquotes Info: ... configuration file loaded successfully.
(C:/Users/chris/AppData/Local/Programs/MiKTeX/tex/latex/csquotes/csquotes.cfg
File: csquotes.cfg 
))
(C:/Users/chris/AppData/Local/Programs/MiKTeX/tex/latex/pgf/frontendlayer/tikz.
sty (C:/Users/chris/AppData/Local/Programs/MiKTeX/tex/latex/pgf/basiclayer/pgf.
sty
(C:/Users/chris/AppData/Local/Programs/MiKTeX/tex/latex/pgf/utilities/pgfrcs.st
y
(C:/Users/chris/AppData/Local/Programs/MiKTeX/tex/generic/pgf/utilities/pgfutil
-common.tex
\pgfutil@everybye=\toks22
\pgfutil@tempdima=\dimen158
\pgfutil@tempdimb=\dimen159
)
(C:/Users/chris/AppData/Local/Programs/MiKTeX/tex/generic/pgf/utilities/pgfutil
-latex.def
\pgfutil@abb=\box61
)
(C:/Users/chris/AppData/Local/Programs/MiKTeX/tex/generic/pgf/utilities/pgfrcs.
code.tex (C:/Users/chris/AppData/Local/Programs/MiKTeX/tex/generic/pgf/pgf.revi
sion.tex)
Package: pgfrcs 2023-01-15 v3.1.10 (3.1.10)
))
Package: pgf 2023-01-15 v3.1.10 (3.1.10)

(C:/Users/chris/AppData/Local/Programs/MiKTeX/tex/latex/pgf/basiclayer/pgfcore.
sty
(C:/Users/chris/AppData/Local/Programs/MiKTeX/tex/latex/pgf/systemlayer/pgfsys.
sty
(C:/Users/chris/AppData/Local/Programs/MiKTeX/tex/generic/pgf/systemlayer/pgfsy
s.code.tex
Package: pgfsys 2023-01-15 v3.1.10 (3.1.10)

(C:/Users/chris/AppData/Local/Programs/MiKTeX/tex/generic/pgf/utilities/pgfkeys
.code.tex
\pgfkeys@pathtoks=\toks23
\pgfkeys@temptoks=\toks24

(C:/Users/chris/AppData/Local/Programs/MiKTeX/tex/generic/pgf/utilities/pgfkeys
libraryfiltered.code.tex
\pgfkeys@tmptoks=\toks25
))
\pgf@x=\dimen160
\pgf@y=\dimen161
\pgf@xa=\dimen162
\pgf@ya=\dimen163
\pgf@xb=\dimen164
\pgf@yb=\dimen165
\pgf@xc=\dimen166
\pgf@yc=\dimen167
\pgf@xd=\dimen168
\pgf@yd=\dimen169
\w@pgf@writea=\write3
\r@pgf@reada=\read2
\c@pgf@counta=\count282
\c@pgf@countb=\count283
\c@pgf@countc=\count284
\c@pgf@countd=\count285
\t@pgf@toka=\toks26
\t@pgf@tokb=\toks27
\t@pgf@tokc=\toks28
\pgf@sys@id@count=\count286

(C:/Users/chris/AppData/Local/Programs/MiKTeX/tex/generic/pgf/systemlayer/pgf.c
fg
File: pgf.cfg 2023-01-15 v3.1.10 (3.1.10)
)
Driver file for pgf: pgfsys-luatex.def

(C:/Users/chris/AppData/Local/Programs/MiKTeX/tex/generic/pgf/systemlayer/pgfsy
s-luatex.def
File: pgfsys-luatex.def 2023-01-15 v3.1.10 (3.1.10)

(C:/Users/chris/AppData/Local/Programs/MiKTeX/tex/generic/pgf/systemlayer/pgfsy
s-common-pdf.def
File: pgfsys-common-pdf.def 2023-01-15 v3.1.10 (3.1.10)
)))
(C:/Users/chris/AppData/Local/Programs/MiKTeX/tex/generic/pgf/systemlayer/pgfsy
ssoftpath.code.tex
File: pgfsyssoftpath.code.tex 2023-01-15 v3.1.10 (3.1.10)
\pgfsyssoftpath@smallbuffer@items=\count287
\pgfsyssoftpath@bigbuffer@items=\count288
)
(C:/Users/chris/AppData/Local/Programs/MiKTeX/tex/generic/pgf/systemlayer/pgfsy
sprotocol.code.tex
File: pgfsysprotocol.code.tex 2023-01-15 v3.1.10 (3.1.10)
)) (C:/Users/chris/AppData/Local/Programs/MiKTeX/tex/latex/xcolor/xcolor.sty
Package: xcolor 2022/06/12 v2.14 LaTeX color extensions (UK)
(C:/Users/chris/AppData/Local/Programs/MiKTeX/tex/latex/graphics-cfg/color.cfg
File: color.cfg 2016/01/02 v1.6 sample color configuration
)
Package xcolor Info: Driver file: luatex.def on input line 227.
(C:/Users/chris/AppData/Local/Programs/MiKTeX/tex/latex/graphics/mathcolor.ltx)
Package xcolor Info: Model `cmy' substituted by `cmy0' on input line 1353.
Package xcolor Info: Model `hsb' substituted by `rgb' on input line 1357.
Package xcolor Info: Model `RGB' extended on input line 1369.
Package xcolor Info: Model `HTML' substituted by `rgb' on input line 1371.
Package xcolor Info: Model `Hsb' substituted by `hsb' on input line 1372.
Package xcolor Info: Model `tHsb' substituted by `hsb' on input line 1373.
Package xcolor Info: Model `HSB' substituted by `hsb' on input line 1374.
Package xcolor Info: Model `Gray' substituted by `gray' on input line 1375.
Package xcolor Info: Model `wave' substituted by `hsb' on input line 1376.
)
(C:/Users/chris/AppData/Local/Programs/MiKTeX/tex/generic/pgf/basiclayer/pgfcor
e.code.tex
Package: pgfcore 2023-01-15 v3.1.10 (3.1.10)

(C:/Users/chris/AppData/Local/Programs/MiKTeX/tex/generic/pgf/math/pgfmath.code
.tex
(C:/Users/chris/AppData/Local/Programs/MiKTeX/tex/generic/pgf/math/pgfmathutil.
code.tex)
(C:/Users/chris/AppData/Local/Programs/MiKTeX/tex/generic/pgf/math/pgfmathparse
r.code.tex
\pgfmath@dimen=\dimen170
\pgfmath@count=\count289
\pgfmath@box=\box62
\pgfmath@toks=\toks29
\pgfmath@stack@operand=\toks30
\pgfmath@stack@operation=\toks31
)
(C:/Users/chris/AppData/Local/Programs/MiKTeX/tex/generic/pgf/math/pgfmathfunct
ions.code.tex)
(C:/Users/chris/AppData/Local/Programs/MiKTeX/tex/generic/pgf/math/pgfmathfunct
ions.basic.code.tex)
(C:/Users/chris/AppData/Local/Programs/MiKTeX/tex/generic/pgf/math/pgfmathfunct
ions.trigonometric.code.tex)
(C:/Users/chris/AppData/Local/Programs/MiKTeX/tex/generic/pgf/math/pgfmathfunct
ions.random.code.tex)
(C:/Users/chris/AppData/Local/Programs/MiKTeX/tex/generic/pgf/math/pgfmathfunct
ions.comparison.code.tex)
(C:/Users/chris/AppData/Local/Programs/MiKTeX/tex/generic/pgf/math/pgfmathfunct
ions.base.code.tex)
(C:/Users/chris/AppData/Local/Programs/MiKTeX/tex/generic/pgf/math/pgfmathfunct
ions.round.code.tex)
(C:/Users/chris/AppData/Local/Programs/MiKTeX/tex/generic/pgf/math/pgfmathfunct
ions.misc.code.tex)
(C:/Users/chris/AppData/Local/Programs/MiKTeX/tex/generic/pgf/math/pgfmathfunct
ions.integerarithmetics.code.tex)
(C:/Users/chris/AppData/Local/Programs/MiKTeX/tex/generic/pgf/math/pgfmathcalc.
code.tex)
(C:/Users/chris/AppData/Local/Programs/MiKTeX/tex/generic/pgf/math/pgfmathfloat
.code.tex
\c@pgfmathroundto@lastzeros=\count290
))
(C:/Users/chris/AppData/Local/Programs/MiKTeX/tex/generic/pgf/math/pgfint.code.
tex)
(C:/Users/chris/AppData/Local/Programs/MiKTeX/tex/generic/pgf/basiclayer/pgfcor
epoints.code.tex
File: pgfcorepoints.code.tex 2023-01-15 v3.1.10 (3.1.10)
\pgf@picminx=\dimen171
\pgf@picmaxx=\dimen172
\pgf@picminy=\dimen173
\pgf@picmaxy=\dimen174
\pgf@pathminx=\dimen175
\pgf@pathmaxx=\dimen176
\pgf@pathminy=\dimen177
\pgf@pathmaxy=\dimen178
\pgf@xx=\dimen179
\pgf@xy=\dimen180
\pgf@yx=\dimen181
\pgf@yy=\dimen182
\pgf@zx=\dimen183
\pgf@zy=\dimen184
)
(C:/Users/chris/AppData/Local/Programs/MiKTeX/tex/generic/pgf/basiclayer/pgfcor
epathconstruct.code.tex
File: pgfcorepathconstruct.code.tex 2023-01-15 v3.1.10 (3.1.10)
\pgf@path@lastx=\dimen185
\pgf@path@lasty=\dimen186
)
(C:/Users/chris/AppData/Local/Programs/MiKTeX/tex/generic/pgf/basiclayer/pgfcor
epathusage.code.tex
File: pgfcorepathusage.code.tex 2023-01-15 v3.1.10 (3.1.10)
\pgf@shorten@end@additional=\dimen187
\pgf@shorten@start@additional=\dimen188
)
(C:/Users/chris/AppData/Local/Programs/MiKTeX/tex/generic/pgf/basiclayer/pgfcor
escopes.code.tex
File: pgfcorescopes.code.tex 2023-01-15 v3.1.10 (3.1.10)
\pgfpic=\box63
\pgf@hbox=\box64
\pgf@layerbox@main=\box65
\pgf@picture@serial@count=\count291
)
(C:/Users/chris/AppData/Local/Programs/MiKTeX/tex/generic/pgf/basiclayer/pgfcor
egraphicstate.code.tex
File: pgfcoregraphicstate.code.tex 2023-01-15 v3.1.10 (3.1.10)
\pgflinewidth=\dimen189
)
(C:/Users/chris/AppData/Local/Programs/MiKTeX/tex/generic/pgf/basiclayer/pgfcor
etransformations.code.tex
File: pgfcoretransformations.code.tex 2023-01-15 v3.1.10 (3.1.10)
\pgf@pt@x=\dimen190
\pgf@pt@y=\dimen191
\pgf@pt@temp=\dimen192
)
(C:/Users/chris/AppData/Local/Programs/MiKTeX/tex/generic/pgf/basiclayer/pgfcor
equick.code.tex
File: pgfcorequick.code.tex 2023-01-15 v3.1.10 (3.1.10)
)
(C:/Users/chris/AppData/Local/Programs/MiKTeX/tex/generic/pgf/basiclayer/pgfcor
eobjects.code.tex
File: pgfcoreobjects.code.tex 2023-01-15 v3.1.10 (3.1.10)
)
(C:/Users/chris/AppData/Local/Programs/MiKTeX/tex/generic/pgf/basiclayer/pgfcor
epathprocessing.code.tex
File: pgfcorepathprocessing.code.tex 2023-01-15 v3.1.10 (3.1.10)
)
(C:/Users/chris/AppData/Local/Programs/MiKTeX/tex/generic/pgf/basiclayer/pgfcor
earrows.code.tex
File: pgfcorearrows.code.tex 2023-01-15 v3.1.10 (3.1.10)
\pgfarrowsep=\dimen193
)
(C:/Users/chris/AppData/Local/Programs/MiKTeX/tex/generic/pgf/basiclayer/pgfcor
eshade.code.tex
File: pgfcoreshade.code.tex 2023-01-15 v3.1.10 (3.1.10)
\pgf@max=\dimen194
\pgf@sys@shading@range@num=\count292
\pgf@shadingcount=\count293
)
(C:/Users/chris/AppData/Local/Programs/MiKTeX/tex/generic/pgf/basiclayer/pgfcor
eimage.code.tex
File: pgfcoreimage.code.tex 2023-01-15 v3.1.10 (3.1.10)
)
(C:/Users/chris/AppData/Local/Programs/MiKTeX/tex/generic/pgf/basiclayer/pgfcor
eexternal.code.tex
File: pgfcoreexternal.code.tex 2023-01-15 v3.1.10 (3.1.10)
\pgfexternal@startupbox=\box66
)
(C:/Users/chris/AppData/Local/Programs/MiKTeX/tex/generic/pgf/basiclayer/pgfcor
elayers.code.tex
File: pgfcorelayers.code.tex 2023-01-15 v3.1.10 (3.1.10)
)
(C:/Users/chris/AppData/Local/Programs/MiKTeX/tex/generic/pgf/basiclayer/pgfcor
etransparency.code.tex
File: pgfcoretransparency.code.tex 2023-01-15 v3.1.10 (3.1.10)
)
(C:/Users/chris/AppData/Local/Programs/MiKTeX/tex/generic/pgf/basiclayer/pgfcor
epatterns.code.tex
File: pgfcorepatterns.code.tex 2023-01-15 v3.1.10 (3.1.10)
)
(C:/Users/chris/AppData/Local/Programs/MiKTeX/tex/generic/pgf/basiclayer/pgfcor
erdf.code.tex
File: pgfcorerdf.code.tex 2023-01-15 v3.1.10 (3.1.10)
)))
(C:/Users/chris/AppData/Local/Programs/MiKTeX/tex/generic/pgf/modules/pgfmodule
shapes.code.tex
File: pgfmoduleshapes.code.tex 2023-01-15 v3.1.10 (3.1.10)
\pgfnodeparttextbox=\box67
)
(C:/Users/chris/AppData/Local/Programs/MiKTeX/tex/generic/pgf/modules/pgfmodule
plot.code.tex
File: pgfmoduleplot.code.tex 2023-01-15 v3.1.10 (3.1.10)
)
(C:/Users/chris/AppData/Local/Programs/MiKTeX/tex/latex/pgf/compatibility/pgfco
mp-version-0-65.sty
Package: pgfcomp-version-0-65 2023-01-15 v3.1.10 (3.1.10)
\pgf@nodesepstart=\dimen195
\pgf@nodesepend=\dimen196
)
(C:/Users/chris/AppData/Local/Programs/MiKTeX/tex/latex/pgf/compatibility/pgfco
mp-version-1-18.sty
Package: pgfcomp-version-1-18 2023-01-15 v3.1.10 (3.1.10)
))
(C:/Users/chris/AppData/Local/Programs/MiKTeX/tex/latex/pgf/utilities/pgffor.st
y
(C:/Users/chris/AppData/Local/Programs/MiKTeX/tex/latex/pgf/utilities/pgfkeys.s
ty
(C:/Users/chris/AppData/Local/Programs/MiKTeX/tex/generic/pgf/utilities/pgfkeys
.code.tex)) (C:/Users/chris/AppData/Local/Programs/MiKTeX/tex/latex/pgf/math/pg
fmath.sty
(C:/Users/chris/AppData/Local/Programs/MiKTeX/tex/generic/pgf/math/pgfmath.code
.tex))
(C:/Users/chris/AppData/Local/Programs/MiKTeX/tex/generic/pgf/utilities/pgffor.
code.tex
Package: pgffor 2023-01-15 v3.1.10 (3.1.10)
\pgffor@iter=\dimen197
\pgffor@skip=\dimen198
\pgffor@stack=\toks32
\pgffor@toks=\toks33
))
(C:/Users/chris/AppData/Local/Programs/MiKTeX/tex/generic/pgf/frontendlayer/tik
z/tikz.code.tex
Package: tikz 2023-01-15 v3.1.10 (3.1.10)

(C:/Users/chris/AppData/Local/Programs/MiKTeX/tex/generic/pgf/libraries/pgflibr
aryplothandlers.code.tex
File: pgflibraryplothandlers.code.tex 2023-01-15 v3.1.10 (3.1.10)
\pgf@plot@mark@count=\count294
\pgfplotmarksize=\dimen199
)
\tikz@lastx=\dimen256
\tikz@lasty=\dimen257
\tikz@lastxsaved=\dimen258
\tikz@lastysaved=\dimen259
\tikz@lastmovetox=\dimen260
\tikz@lastmovetoy=\dimen261
\tikzleveldistance=\dimen262
\tikzsiblingdistance=\dimen263
\tikz@figbox=\box68
\tikz@figbox@bg=\box69
\tikz@tempbox=\box70
\tikz@tempbox@bg=\box71
\tikztreelevel=\count295
\tikznumberofchildren=\count296
\tikznumberofcurrentchild=\count297
\tikz@fig@count=\count298

(C:/Users/chris/AppData/Local/Programs/MiKTeX/tex/generic/pgf/modules/pgfmodule
matrix.code.tex
File: pgfmodulematrix.code.tex 2023-01-15 v3.1.10 (3.1.10)
\pgfmatrixcurrentrow=\count299
\pgfmatrixcurrentcolumn=\count300
\pgf@matrix@numberofcolumns=\count301
)
\tikz@expandcount=\count302

(C:/Users/chris/AppData/Local/Programs/MiKTeX/tex/generic/pgf/frontendlayer/tik
z/libraries/tikzlibrarytopaths.code.tex
File: tikzlibrarytopaths.code.tex 2023-01-15 v3.1.10 (3.1.10)
))) (C:/Users/chris/AppData/Local/Programs/MiKTeX/tex/latex/pgfplots/pgfplots.s
ty
(C:/Users/chris/AppData/Local/Programs/MiKTeX/tex/generic/pgfplots/pgfplots.rev
ision.tex)
Package: pgfplots 2021/05/15 v1.18.1 Data Visualization (1.18.1)

(C:/Users/chris/AppData/Local/Programs/MiKTeX/tex/generic/pgfplots/pgfplots.cod
e.tex
(C:/Users/chris/AppData/Local/Programs/MiKTeX/tex/generic/pgfplots/pgfplotscore
.code.tex
Package pgfplots info on input line 124: Initializing with LUA version Lua 5.3
\pgfplots@luabackend@table=\catcodetable12
\t@pgfplots@toka=\toks34
\t@pgfplots@tokb=\toks35
\t@pgfplots@tokc=\toks36
\pgfplots@tmpa=\dimen264
\c@pgfplots@coordindex=\count303
\c@pgfplots@scanlineindex=\count304

(C:/Users/chris/AppData/Local/Programs/MiKTeX/tex/generic/pgfplots/sys/pgfplots
sysgeneric.code.tex))
(C:/Users/chris/AppData/Local/Programs/MiKTeX/tex/generic/pgfplots/libs/pgfplot
slibrary.code.tex)
(C:/Users/chris/AppData/Local/Programs/MiKTeX/tex/generic/pgfplots/oldpgfcompat
ib/pgfplotsoldpgfsupp_loader.code.tex
(C:/Users/chris/AppData/Local/Programs/MiKTeX/tex/generic/pgf/libraries/pgflibr
aryfpu.code.tex)
Package pgfplots: loading complementary utilities for your pgf version...
\t@pgf@toka=\toks37
\t@pgf@tokb=\toks38
\t@pgf@tokc=\toks39

(C:/Users/chris/AppData/Local/Programs/MiKTeX/tex/generic/pgfplots/oldpgfcompat
ib/pgfplotsoldpgfsupp_pgfutil-common-lists.tex)
(C:/Users/chris/AppData/Local/Programs/MiKTeX/tex/generic/pgf/libraries/luamath
/pgflibraryluamath.code.tex)
Package pgfplots info on input line 290: luamath library shipped with pgf 3.1.1
0 is up-to-date
)
(C:/Users/chris/AppData/Local/Programs/MiKTeX/tex/generic/pgfplots/util/pgfplot
sutil.code.tex
Package pgfplots info on input line 82: Found new luatex: initializing lua comm
ands instead of write18 (shell-escape)

(C:/Users/chris/AppData/Local/Programs/MiKTeX/tex/generic/pgfplots/liststructur
e/pgfplotsliststructure.code.tex)
(C:/Users/chris/AppData/Local/Programs/MiKTeX/tex/generic/pgfplots/liststructur
e/pgfplotsliststructureext.code.tex)
(C:/Users/chris/AppData/Local/Programs/MiKTeX/tex/generic/pgfplots/liststructur
e/pgfplotsarray.code.tex
\c@pgfplotsarray@tmp=\count305
)
(C:/Users/chris/AppData/Local/Programs/MiKTeX/tex/generic/pgfplots/liststructur
e/pgfplotsmatrix.code.tex)
(C:/Users/chris/AppData/Local/Programs/MiKTeX/tex/generic/pgfplots/numtable/pgf
plotstableshared.code.tex
\c@pgfplotstable@counta=\count306
\t@pgfplotstable@a=\toks40
)
(C:/Users/chris/AppData/Local/Programs/MiKTeX/tex/generic/pgfplots/liststructur
e/pgfplotsdeque.code.tex)
(C:/Users/chris/AppData/Local/Programs/MiKTeX/tex/generic/pgfplots/util/pgfplot
sbinary.code.tex
(C:/Users/chris/AppData/Local/Programs/MiKTeX/tex/generic/pgfplots/util/pgfplot
sbinary.data.code.tex))
(C:/Users/chris/AppData/Local/Programs/MiKTeX/tex/generic/pgfplots/util/pgfplot
sutil.verb.code.tex)
(C:/Users/chris/AppData/Local/Programs/MiKTeX/tex/generic/pgfplots/libs/pgflibr
arypgfplots.surfshading.code.tex
\c@pgfplotslibrarysurf@no=\count307

(C:/Users/chris/AppData/Local/Programs/MiKTeX/tex/generic/pgfplots/sys/pgflibra
rypgfplots.surfshading.pgfsys-luatex.def)))
(C:/Users/chris/AppData/Local/Programs/MiKTeX/tex/generic/pgfplots/util/pgfplot
scolormap.code.tex
(C:/Users/chris/AppData/Local/Programs/MiKTeX/tex/generic/pgfplots/util/pgfplot
scolor.code.tex))
(C:/Users/chris/AppData/Local/Programs/MiKTeX/tex/generic/pgfplots/pgfplotsstac
kedplots.code.tex)
(C:/Users/chris/AppData/Local/Programs/MiKTeX/tex/generic/pgfplots/pgfplotsplot
handlers.code.tex
(C:/Users/chris/AppData/Local/Programs/MiKTeX/tex/generic/pgfplots/pgfplotsmesh
plothandler.code.tex
(C:/Users/chris/AppData/Local/Programs/MiKTeX/tex/generic/pgfplots/pgfplotsmesh
plotimage.code.tex)))
(C:/Users/chris/AppData/Local/Programs/MiKTeX/tex/generic/pgfplots/pgfplots.sca
ling.code.tex)
(C:/Users/chris/AppData/Local/Programs/MiKTeX/tex/generic/pgfplots/pgfplotscoor
dprocessing.code.tex)
(C:/Users/chris/AppData/Local/Programs/MiKTeX/tex/generic/pgfplots/pgfplots.err
orbars.code.tex)
(C:/Users/chris/AppData/Local/Programs/MiKTeX/tex/generic/pgfplots/pgfplots.mar
kers.code.tex)
(C:/Users/chris/AppData/Local/Programs/MiKTeX/tex/generic/pgfplots/pgfplotstick
s.code.tex)
(C:/Users/chris/AppData/Local/Programs/MiKTeX/tex/generic/pgfplots/pgfplots.pat
hs.code.tex)
(C:/Users/chris/AppData/Local/Programs/MiKTeX/tex/generic/pgf/frontendlayer/tik
z/libraries/tikzlibrarydecorations.code.tex
(C:/Users/chris/AppData/Local/Programs/MiKTeX/tex/generic/pgf/modules/pgfmodule
decorations.code.tex
\pgfdecoratedcompleteddistance=\dimen265
\pgfdecoratedremainingdistance=\dimen266
\pgfdecoratedinputsegmentcompleteddistance=\dimen267
\pgfdecoratedinputsegmentremainingdistance=\dimen268
\pgf@decorate@distancetomove=\dimen269
\pgf@decorate@repeatstate=\count308
\pgfdecorationsegmentamplitude=\dimen270
\pgfdecorationsegmentlength=\dimen271
)
\tikz@lib@dec@box=\box72
)
(C:/Users/chris/AppData/Local/Programs/MiKTeX/tex/generic/pgf/frontendlayer/tik
z/libraries/tikzlibrarydecorations.pathmorphing.code.tex
(C:/Users/chris/AppData/Local/Programs/MiKTeX/tex/generic/pgf/libraries/decorat
ions/pgflibrarydecorations.pathmorphing.code.tex))
(C:/Users/chris/AppData/Local/Programs/MiKTeX/tex/generic/pgf/frontendlayer/tik
z/libraries/tikzlibrarydecorations.pathreplacing.code.tex
(C:/Users/chris/AppData/Local/Programs/MiKTeX/tex/generic/pgf/libraries/decorat
ions/pgflibrarydecorations.pathreplacing.code.tex))
(C:/Users/chris/AppData/Local/Programs/MiKTeX/tex/generic/pgfplots/libs/tikzlib
rarypgfplots.contourlua.code.tex)
\pgfplots@numplots=\count309
\pgfplots@xmin@reg=\dimen272
\pgfplots@xmax@reg=\dimen273
\pgfplots@ymin@reg=\dimen274
\pgfplots@ymax@reg=\dimen275
\pgfplots@zmin@reg=\dimen276
\pgfplots@zmax@reg=\dimen277
)
(C:/Users/chris/AppData/Local/Programs/MiKTeX/tex/generic/pgf/frontendlayer/tik
z/libraries/tikzlibraryplotmarks.code.tex
File: tikzlibraryplotmarks.code.tex 2023-01-15 v3.1.10 (3.1.10)

(C:/Users/chris/AppData/Local/Programs/MiKTeX/tex/generic/pgf/libraries/pgflibr
aryplotmarks.code.tex
File: pgflibraryplotmarks.code.tex 2023-01-15 v3.1.10 (3.1.10)
)))
(C:/Users/chris/AppData/Local/Programs/MiKTeX/tex/generic/pgf/libraries/pgflibr
aryarrows.meta.code.tex
File: pgflibraryarrows.meta.code.tex 2023-01-15 v3.1.10 (3.1.10)
\pgfarrowinset=\dimen278
\pgfarrowlength=\dimen279
\pgfarrowwidth=\dimen280
\pgfarrowlinewidth=\dimen281
)
(C:/Users/chris/AppData/Local/Programs/MiKTeX/tex/generic/pgf/frontendlayer/tik
z/libraries/tikzlibrarypositioning.code.tex
File: tikzlibrarypositioning.code.tex 2023-01-15 v3.1.10 (3.1.10)
)
(C:/Users/chris/AppData/Local/Programs/MiKTeX/tex/generic/pgf/frontendlayer/tik
z/libraries/tikzlibrarycalc.code.tex
File: tikzlibrarycalc.code.tex 2023-01-15 v3.1.10 (3.1.10)
)
(C:/Users/chris/AppData/Local/Programs/MiKTeX/tex/generic/pgf/frontendlayer/tik
z/libraries/tikzlibraryintersections.code.tex
(C:/Users/chris/AppData/Local/Programs/MiKTeX/tex/generic/pgf/libraries/pgflibr
aryintersections.code.tex
\pgf@intersect@solutions=\count310
))
(C:/Users/chris/AppData/Local/Programs/MiKTeX/tex/latex/pgf/frontendlayer/libra
ries/tikzlibraryexternal.code.tex (C:/Users/chris/AppData/Local/Programs/MiKTeX
/tex/latex/base/atveryend-ltx.sty
Package: atveryend-ltx 2020/08/19 v1.0a Emulation of the original atveryend pac
kage
with kernel methods
)
(C:/Users/chris/AppData/Local/Programs/MiKTeX/tex/generic/pgf/frontendlayer/tik
z/libraries/tikzexternalshared.code.tex))
(C:/Users/chris/AppData/Local/Programs/MiKTeX/tex/generic/pgfplots/libs/tikzlib
rarypgfplots.units.code.tex)
(C:/Users/chris/AppData/Local/Programs/MiKTeX/tex/generic/pgfplots/libs/tikzlib
rarypgfplots.groupplots.code.tex
\pgfplots@group@current@plot=\count311
\pgfplots@group@current@row=\count312
\pgfplots@group@current@column=\count313
)
(C:/Users/chris/AppData/Local/Programs/MiKTeX/tex/generic/pgfplots/libs/tikzlib
rarypgfplots.statistics.code.tex)
(C:/Users/chris/AppData/Local/Programs/MiKTeX/tex/generic/pgfplots/libs/tikzlib
rarypgfplots.external.code.tex)
No auxiliary output files.

\w@pgfexternal@auxout=\write4
Package TikZ externalization: calling \geometry{driver=none} during externaliza
tion.

(C:/Users/chris/AppData/Local/Programs/MiKTeX/tex/latex/amsmath/amsmath.sty
Package: amsmath 2022/04/08 v2.17n AMS math features
\@mathmargin=\skip63
For additional information on amsmath, use the `?' option.
(C:/Users/chris/AppData/Local/Programs/MiKTeX/tex/latex/amsmath/amsbsy.sty
Package: amsbsy 1999/11/29 v1.2d Bold Symbols
\pmbraise@=\dimen282
) (C:/Users/chris/AppData/Local/Programs/MiKTeX/tex/latex/amsmath/amsopn.sty
Package: amsopn 2022/04/08 v2.04 operator names
)
\inf@bad=\count314
LaTeX Info: Redefining \frac on input line 236.
\uproot@=\count315
\leftroot@=\count316
LaTeX Info: Redefining \overline on input line 399.
LaTeX Info: Redefining \colon on input line 410.
\classnum@=\count317
\DOTSCASE@=\count318
LaTeX Info: Redefining \ldots on input line 496.
LaTeX Info: Redefining \dots on input line 499.
LaTeX Info: Redefining \cdots on input line 620.
\Mathstrutbox@=\box73
\strutbox@=\box74
LaTeX Info: Redefining \big on input line 722.
LaTeX Info: Redefining \Big on input line 723.
LaTeX Info: Redefining \bigg on input line 724.
LaTeX Info: Redefining \Bigg on input line 725.
\big@size=\dimen283
LaTeX Font Info:    Redeclaring font encoding OML on input line 743.
LaTeX Font Info:    Redeclaring font encoding OMS on input line 744.
\macc@depth=\count319
LaTeX Info: Redefining \bmod on input line 905.
LaTeX Info: Redefining \pmod on input line 910.
LaTeX Info: Redefining \smash on input line 940.
LaTeX Info: Redefining \relbar on input line 970.
LaTeX Info: Redefining \Relbar on input line 971.
\c@MaxMatrixCols=\count320
\dotsspace@=\muskip16
\c@parentequation=\count321
\dspbrk@lvl=\count322
\tag@help=\toks41
\row@=\count323
\column@=\count324
\maxfields@=\count325
\andhelp@=\toks42
\eqnshift@=\dimen284
\alignsep@=\dimen285
\tagshift@=\dimen286
\tagwidth@=\dimen287
\totwidth@=\dimen288
\lineht@=\dimen289
\@envbody=\toks43
\multlinegap=\skip64
\multlinetaggap=\skip65
\mathdisplay@stack=\toks44
LaTeX Info: Redefining \[ on input line 2953.
LaTeX Info: Redefining \] on input line 2954.
) (C:/Users/chris/AppData/Local/Programs/MiKTeX/tex/latex/amsfonts/amsfonts.sty
Package: amsfonts 2013/01/14 v3.01 Basic AMSFonts support
\symAMSa=\mathgroup4
\symAMSb=\mathgroup5
LaTeX Font Info:    Redeclaring math symbol \hbar on input line 98.
LaTeX Font Info:    Overwriting math alphabet `\mathfrak' in version `bold'
(Font)                  U/euf/m/n --> U/euf/b/n on input line 106.
) (C:/Users/chris/AppData/Local/Programs/MiKTeX/tex/latex/amsfonts/amssymb.sty
Package: amssymb 2013/01/14 v3.01 AMS font symbols
) (C:/Users/chris/AppData/Local/Programs/MiKTeX/tex/latex/hyperref/hyperref.sty
Package: hyperref 2022-11-13 v7.00u Hypertext links for LaTeX

(C:/Users/chris/AppData/Local/Programs/MiKTeX/tex/latex/kvsetkeys/kvsetkeys.sty
Package: kvsetkeys 2022-10-05 v1.19 Key value parser (HO)
)
(C:/Users/chris/AppData/Local/Programs/MiKTeX/tex/generic/kvdefinekeys/kvdefine
keys.sty
Package: kvdefinekeys 2019-12-19 v1.6 Define keys (HO)
)
(C:/Users/chris/AppData/Local/Programs/MiKTeX/tex/generic/pdfescape/pdfescape.s
ty
Package: pdfescape 2019/12/09 v1.15 Implements pdfTeX's escape features (HO)
) (C:/Users/chris/AppData/Local/Programs/MiKTeX/tex/latex/hycolor/hycolor.sty
Package: hycolor 2020-01-27 v1.10 Color options for hyperref/bookmark (HO)
)
(C:/Users/chris/AppData/Local/Programs/MiKTeX/tex/latex/letltxmacro/letltxmacro
.sty
Package: letltxmacro 2019/12/03 v1.6 Let assignment for LaTeX macros (HO)
) (C:/Users/chris/AppData/Local/Programs/MiKTeX/tex/latex/auxhook/auxhook.sty
Package: auxhook 2019-12-17 v1.6 Hooks for auxiliary files (HO)
) (C:/Users/chris/AppData/Local/Programs/MiKTeX/tex/latex/hyperref/nameref.sty
Package: nameref 2022-05-17 v2.50 Cross-referencing by name of section
(C:/Users/chris/AppData/Local/Programs/MiKTeX/tex/latex/refcount/refcount.sty
Package: refcount 2019/12/15 v3.6 Data extraction from label references (HO)
)
(C:/Users/chris/AppData/Local/Programs/MiKTeX/tex/generic/gettitlestring/gettit
lestring.sty
Package: gettitlestring 2019/12/15 v1.6 Cleanup title references (HO)

(C:/Users/chris/AppData/Local/Programs/MiKTeX/tex/latex/kvoptions/kvoptions.sty
Package: kvoptions 2022-06-15 v3.15 Key value format for package options (HO)
))
\c@section@level=\count326
)
\@linkdim=\dimen290
\Hy@linkcounter=\count327
\Hy@pagecounter=\count328
(C:/Users/chris/AppData/Local/Programs/MiKTeX/tex/latex/hyperref/pd1enc.def
File: pd1enc.def 2022-11-13 v7.00u Hyperref: PDFDocEncoding definition (HO)
) (C:/Users/chris/AppData/Local/Programs/MiKTeX/tex/generic/intcalc/intcalc.sty
Package: intcalc 2019/12/15 v1.3 Expandable calculations with integers (HO)
)
(C:/Users/chris/AppData/Local/Programs/MiKTeX/tex/generic/etexcmds/etexcmds.sty
Package: etexcmds 2019/12/15 v1.7 Avoid name clashes with e-TeX commands (HO)
)
\Hy@SavedSpaceFactor=\count329
(C:/Users/chris/AppData/Local/Programs/MiKTeX/tex/latex/hyperref/puenc.def
File: puenc.def 2022-11-13 v7.00u Hyperref: PDF Unicode definition (HO)
)
Package hyperref Info: Hyper figures OFF on input line 4162.
Package hyperref Info: Link nesting OFF on input line 4167.
Package hyperref Info: Hyper index ON on input line 4170.
Package hyperref Info: Plain pages OFF on input line 4177.
Package hyperref Info: Backreferencing OFF on input line 4182.
Package hyperref Info: Implicit mode ON; LaTeX internals redefined.
Package hyperref Info: Bookmarks ON on input line 4410.
\c@Hy@tempcnt=\count330
(C:/Users/chris/AppData/Local/Programs/MiKTeX/tex/latex/url/url.sty
\Urlmuskip=\muskip17
Package: url 2013/09/16  ver 3.4  Verb mode for urls, etc.
)
LaTeX Info: Redefining \url on input line 4748.
\XeTeXLinkMargin=\dimen291
(C:/Users/chris/AppData/Local/Programs/MiKTeX/tex/generic/bitset/bitset.sty
Package: bitset 2019/12/09 v1.3 Handle bit-vector datatype (HO)

(C:/Users/chris/AppData/Local/Programs/MiKTeX/tex/generic/bigintcalc/bigintcalc
.sty
Package: bigintcalc 2019/12/15 v1.5 Expandable calculations on big integers (HO
)
))
\Fld@menulength=\count331
\Field@Width=\dimen292
\Fld@charsize=\dimen293
Package hyperref Info: Hyper figures OFF on input line 6027.
Package hyperref Info: Link nesting OFF on input line 6032.
Package hyperref Info: Hyper index ON on input line 6035.
Package hyperref Info: backreferencing OFF on input line 6042.
Package hyperref Info: Link coloring OFF on input line 6047.
Package hyperref Info: Link coloring with OCG OFF on input line 6052.
Package hyperref Info: PDF/A mode OFF on input line 6057.
(C:/Users/chris/AppData/Local/Programs/MiKTeX/tex/latex/base/atbegshi-ltx.sty
Package: atbegshi-ltx 2021/01/10 v1.0c Emulation of the original atbegshi
package with kernel methods
)
\Hy@abspage=\count332
\c@Item=\count333
\c@Hfootnote=\count334
)
Package hyperref Info: Driver (autodetected): hluatex.
(C:/Users/chris/AppData/Local/Programs/MiKTeX/tex/latex/hyperref/hluatex.def
File: hluatex.def 2022-11-13 v7.00u Hyperref driver for luaTeX

(C:/Users/chris/AppData/Local/Programs/MiKTeX/tex/generic/stringenc/stringenc.s
ty
Package: stringenc 2019/11/29 v1.12 Convert strings between diff. encodings (HO
)
)
\Fld@listcount=\count335
\c@bookmark@seq@number=\count336

(C:/Users/chris/AppData/Local/Programs/MiKTeX/tex/latex/rerunfilecheck/rerunfil
echeck.sty
Package: rerunfilecheck 2022-07-10 v1.10 Rerun checks for auxiliary files (HO)

(C:/Users/chris/AppData/Local/Programs/MiKTeX/tex/generic/uniquecounter/uniquec
ounter.sty
Package: uniquecounter 2019/12/15 v1.4 Provide unlimited unique counter (HO)
)
Package uniquecounter Info: New unique counter `rerunfilecheck' on input line 2
85.
)
\Hy@SectionHShift=\skip66
) (C:/Users/chris/AppData/Local/Programs/MiKTeX/tex/latex/cleveref/cleveref.sty
Package: cleveref 2018/03/27 v0.21.4 Intelligent cross-referencing
Package cleveref Info: `hyperref' support loaded on input line 2370.
LaTeX Info: Redefining \cref on input line 2370.
LaTeX Info: Redefining \Cref on input line 2370.
LaTeX Info: Redefining \crefrange on input line 2370.
LaTeX Info: Redefining \Crefrange on input line 2370.
LaTeX Info: Redefining \cpageref on input line 2370.
LaTeX Info: Redefining \Cpageref on input line 2370.
LaTeX Info: Redefining \cpagerefrange on input line 2370.
LaTeX Info: Redefining \Cpagerefrange on input line 2370.
LaTeX Info: Redefining \labelcref on input line 2370.
LaTeX Info: Redefining \labelcpageref on input line 2370.
)
Package translations Info: No language package found. I am going to use `englis
h' as default language. on input line 81.
Package csquotes Info: Checking for multilingual support...
Package csquotes Info: ... none found.

(C:/Users/chris/AppData/Local/Programs/MiKTeX/tex/latex/l3backend/l3backend-lua
tex.def
File: l3backend-luatex.def 2023-01-16 L3 backend support: PDF output (LuaTeX)
\l__color_backend_stack_int=\count337
\l__pdf_internal_box=\box75
)
No file figures/plots/neuron_behaviour.tikz.aux.
LaTeX Font Info:    Checking defaults for OML/cmm/m/it on input line 81.
LaTeX Font Info:    ... okay on input line 81.
LaTeX Font Info:    Checking defaults for OMS/cmsy/m/n on input line 81.
LaTeX Font Info:    ... okay on input line 81.
LaTeX Font Info:    Checking defaults for OT1/cmr/m/n on input line 81.
LaTeX Font Info:    ... okay on input line 81.
LaTeX Font Info:    Checking defaults for T1/cmr/m/n on input line 81.
LaTeX Font Info:    ... okay on input line 81.
LaTeX Font Info:    Checking defaults for TS1/cmr/m/n on input line 81.
LaTeX Font Info:    Trying to load font information for TS1+cmr on input line 8
1.
(C:/Users/chris/AppData/Local/Programs/MiKTeX/tex/latex/base/ts1cmr.fd
File: ts1cmr.fd 2022/07/10 v2.5l Standard LaTeX font definitions
)
LaTeX Font Info:    ... okay on input line 81.
LaTeX Font Info:    Checking defaults for TU/lmr/m/n on input line 81.
LaTeX Font Info:    ... okay on input line 81.
LaTeX Font Info:    Checking defaults for OMX/cmex/m/n on input line 81.
LaTeX Font Info:    ... okay on input line 81.
LaTeX Font Info:    Checking defaults for U/cmr/m/n on input line 81.
LaTeX Font Info:    ... okay on input line 81.
LaTeX Font Info:    Checking defaults for PD1/pdf/m/n on input line 81.
LaTeX Font Info:    ... okay on input line 81.
LaTeX Font Info:    Checking defaults for PU/pdf/m/n on input line 81.
LaTeX Font Info:    ... okay on input line 81.
*geometry* detected driver: <none>
*geometry* verbose mode - [ preamble ] result:
* driver: \Gm@driver 
* paper: a4paper
* layout: <same size as paper>
* layoutoffset:(h,v)=(0.0pt,0.0pt)
* bindingoffset: 17.07164pt
* modes: twoside 
* h-part:(L,W,R)=(61.45795pt, 426.79134pt, 92.18695pt)
* v-part:(T,H,B)=(85.35826pt, 645.87756pt, 113.81102pt)
* \paperwidth=597.50787pt
* \paperheight=845.04684pt
* \textwidth=426.79134pt
* \textheight=645.87756pt
* \oddsidemargin=6.2596pt
* \evensidemargin=19.91696pt
* \topmargin=-40.36447pt
* \headheight=28.45274pt
* \headsep=25.0pt
* \topskip=12.0pt
* \footskip=30.0pt
* \marginparwidth=95.0pt
* \marginparsep=10.0pt
* \columnsep=10.0pt
* \skip\footins=10.8pt plus 4.0pt minus 2.0pt
* \hoffset=0.0pt
* \voffset=0.0pt
* \mag=1000
* \@twocolumnfalse
* \@twosidetrue
* \@mparswitchtrue
* \@reversemarginfalse
* (1in=72.27pt=25.4mm, 1cm=28.453pt)


(C:/Users/chris/AppData/Local/Programs/MiKTeX/tex/context/base/mkii/supp-pdf.mk
ii
[Loading MPS to PDF converter (version 2006.09.02).]
\scratchcounter=\count338
\scratchdimen=\dimen294
\scratchbox=\box76
\nofMPsegments=\count339
\nofMParguments=\count340
\everyMPshowfont=\toks45
\MPscratchCnt=\count341
\MPscratchDim=\dimen295
\MPnumerator=\count342
\makeMPintoPDFobject=\count343
\everyMPtoPDFconversion=\toks46
)
(C:/Users/chris/AppData/Local/Programs/MiKTeX/tex/latex/epstopdf-pkg/epstopdf-b
ase.sty
Package: epstopdf-base 2020-01-24 v2.11 Base part for package epstopdf
Package epstopdf-base Info: Redefining graphics rule for `.eps' on input line 4
85.

(C:/Users/chris/AppData/Local/Programs/MiKTeX/tex/latex/00miktex/epstopdf-sys.c
fg
File: epstopdf-sys.cfg 2021/03/18 v2.0 Configuration of epstopdf for MiKTeX
))
(C:/Users/chris/AppData/Local/Programs/MiKTeX/tex/latex/translations/dicts/tran
slations-basic-dictionary-english.trsl
File: translations-basic-dictionary-english.trsl (english translation file `tra
nslations-basic-dictionary')
)
Package translations Info: loading dictionary `translations-basic-dictionary' f
or `english'. on input line 81.
Package pgfplots notification 'compat/show suggested version=true': document ha
s been generated with the most recent feature set (\pgfplotsset{compat=1.18}).

\providecommand\hyper@newdestlabel[2]{}
Package hyperref Info: Link coloring OFF on input line 81.
(./titlepage.tex
*geometry* verbose mode - [ newgeometry ] result:
* driver: \Gm@driver 
* paper: a4paper
* layout: <same size as paper>
* layoutoffset:(h,v)=(0.0pt,0.0pt)
* modes: twoside 
* h-part:(L,W,R)=(56.9055pt, 483.69687pt, 56.9055pt)
* v-part:(T,H,B)=(56.9055pt, 731.23584pt, 56.9055pt)
* \paperwidth=597.50787pt
* \paperheight=845.04684pt
* \textwidth=483.69687pt
* \textheight=731.23584pt
* \oddsidemargin=-15.36449pt
* \evensidemargin=-15.36449pt
* \topmargin=-68.81723pt
* \headheight=28.45274pt
* \headsep=25.0pt
* \topskip=12.0pt
* \footskip=30.0pt
* \marginparwidth=95.0pt
* \marginparsep=10.0pt
* \columnsep=10.0pt
* \skip\footins=10.8pt plus 4.0pt minus 2.0pt
* \hoffset=0.0pt
* \voffset=0.0pt
* \mag=1000
* \@twocolumnfalse
* \@twosidetrue
* \@mparswitchtrue
* \@reversemarginfalse
* (1in=72.27pt=25.4mm, 1cm=28.453pt)

The command '\includegraphics [width=\textwidth ]{uliege_logo_rvb_pos.pdf}' has
 been optimized away. Use '/tikz/external/optimize=false' to disable this.
) (./abstract.tex)
No file figures/plots/neuron_behaviour.tikz.toc.
Chapter 1.
(./chapters/introduction.tex
LaTeX Font Info:    Trying to load font information for U+msa on input line 6.
(C:/Users/chris/AppData/Local/Programs/MiKTeX/tex/latex/amsfonts/umsa.fd
File: umsa.fd 2013/01/14 v3.01 AMS symbols A
)
LaTeX Font Info:    Trying to load font information for U+msb on input line 6.
(C:/Users/chris/AppData/Local/Programs/MiKTeX/tex/latex/amsfonts/umsb.fd
File: umsb.fd 2013/01/14 v3.01 AMS symbols B
))
Chapter 2.
(./chapters/neuronandcpg.tex

Package natbib Warning: Citation `excDef' on page 6 undefined on input line 5.


LaTeX Warning: Reference `fig:excitability' on page 1 undefined on input line 7
.

(./plots/excitability.tikz
A tikzpicture has been optimized away. Use '/tikz/external/optimize=false' to d
isable this.
)

LaTeX Warning: Reference `sec:model' on page 1 undefined on input line 12.


LaTeX Warning: Reference `sec:model' on page 1 undefined on input line 12.


Package natbib Warning: Citation `excDef' on page 6 undefined on input line 16.



Underfull \vbox (badness 1009) has occurred while \output is active []


Package natbib Warning: Citation `neuronIons' on page 7 undefined on input line
 24.


LaTeX Warning: Reference `fig:conductance_neuron' on page 1 undefined on input 
line 24.

The command '\includegraphics [width=\textwidth ]{channels.png}' has been optim
ized away. Use '/tikz/external/optimize=false' to disable this.

Package natbib Warning: Citation `channelDiagram' on page 7 undefined on input 
line 29.


Package natbib Warning: Citation `conductanceModel' on page 7 undefined on inpu
t line 33.


LaTeX Warning: Reference `fig:conductance_neuron_circuit' on page 1 undefined o
n input line 33.

The command '\includegraphics [width=\textwidth ]{conductanceNet.png}' has been
 optimized away. Use '/tikz/external/optimize=false' to disable this.

Package natbib Warning: Citation `electricDiagram' on page 7 undefined on input
 line 38.


LaTeX Warning: Reference `eq:hodgkinstart' on page 7 undefined on input line 42
.


LaTeX Warning: Reference `eq:hodgkinend' on page 7 undefined on input line 42.


LaTeX Warning: Reference `fig:behaviours' on page 1 undefined on input line 52.


(./plots/neuron_behaviour.tikz
\openout4 = figures/plots/neuron_behaviour.tikz.dpth

PGFPlots: reading {data/Intro/voltage_spiking.csv}
\tikzexternal@dep@file=\write5

\openout5 = figures/plots/neuron_behaviour.tikz.dep
PGFPlots: reading {data/Intro/voltage_bursting.csv}
[7

{C:/Users/chris/AppData/Local/MiKTeX/fonts/map/pdftex/pdftex.map}])

LaTeX Warning: Reference `sec:model' on page 1 undefined on input line 57.


LaTeX Warning: Reference `sec:model' on page 1 undefined on input line 57.


LaTeX Warning: `h' float specifier changed to `ht'.


Package natbib Warning: Citation `burstingSlowFeedback' on page 7 undefined on 
input line 61.

)
Chapter 3.
(./chapters/neuroncircuits.tex (./diagrams/neuron_model.tikz
A tikzpicture has been optimized away. Use '/tikz/external/optimize=false' to d
isable this.
) (./plots/neuron_type.tikz
A tikzpicture has been optimized away. Use '/tikz/external/optimize=false' to d
isable this.
) (./plots/neuron_burts.tikz
A tikzpicture has been optimized away. Use '/tikz/external/optimize=false' to d
isable this.
)

Package hyperref Warning: Token not allowed in a PDF string (Unicode):
(hyperref)                removing `math shift' on input line 46.


Package hyperref Warning: Token not allowed in a PDF string (Unicode):
(hyperref)                removing `subscript' on input line 46.


Package hyperref Warning: Token not allowed in a PDF string (Unicode):
(hyperref)                removing `math shift' on input line 46.

(./plots/spike_burst_curve.tikz
A tikzpicture has been optimized away. Use '/tikz/external/optimize=false' to d
isable this.
) (./plots/power_burst_curve.tikz
A tikzpicture has been optimized away. Use '/tikz/external/optimize=false' to d
isable this.
)

Package hyperref Warning: Token not allowed in a PDF string (Unicode):
(hyperref)                removing `math shift' on input line 64.


Package hyperref Warning: Token not allowed in a PDF string (Unicode):
(hyperref)                removing `subscript' on input line 64.


Package hyperref Warning: Token not allowed in a PDF string (Unicode):
(hyperref)                removing `math shift' on input line 64.

(./plots/freq_burst_map.tikz
A tikzpicture has been optimized away. Use '/tikz/external/optimize=false' to d
isable this.
) (./plots/fi_curve.tikz
A tikzpicture has been optimized away. Use '/tikz/external/optimize=false' to d
isable this.
) (./plots/cpg_activation.tikz
A tikzpicture has been optimized away. Use '/tikz/external/optimize=false' to d
isable this.
) (./plots/cpg_only_activation.tikz
A tikzpicture has been optimized away. Use '/tikz/external/optimize=false' to d
isable this.
) (./plots/cpg_output_plot.tikz
A tikzpicture has been optimized away. Use '/tikz/external/optimize=false' to d
isable this.
))
Chapter 4.
(./chapters/pendulum.tex (./plots/control_monte.tikz
A tikzpicture has been optimized away. Use '/tikz/external/optimize=false' to d
isable this.
))
Chapter 5.
(./chapters/neuromod.tex (./plots/neuromod_up.tikz
A tikzpicture has been optimized away. Use '/tikz/external/optimize=false' to d
isable this.
) (./plots/neuromod_down.tikz
A tikzpicture has been optimized away. Use '/tikz/external/optimize=false' to d
isable this.
))
Chapter 6.
(./chapters/network.tex)
Chapter 7.
No file figures/plots/neuron_behaviour.tikz.bbl.
Appendix A.

Package natbib Warning: There were undefined citations.


LaTeX Warning: There were undefined references.

)

Here is how much of LuaTeX's memory you used:
 40579 strings out of 478326
 596091,5906145 words of node,token memory allocated
 533 words of node memory still in use:
   7 hlist, 2 vlist, 2 rule, 2 glue, 4 kern, 1 glyph, 9 attribute, 57 glue_spec,
 9 attribute_list, 2 write nodes
   avail lists: 1:3,2:82294,3:121567,4:60,5:297,6:24,7:5479,8:36,9:929,10:13,11:
484
 59296 multiletter control sequences out of 65536+600000
 64 fonts using 4666239 bytes
 88i,13n,88p,951b,2590s stack positions out of 10000i,1000n,20000p,1462736b,200000s
<//?/c:/users/chris/appdata/local/programs/miktex/fonts/opentype/public/lm/lmrom
an12-regular.otf><C:/Users/chris/AppData/Local/Programs/MiKTeX/fonts/type1/publi
c/amsfonts/cm/cmmi12.pfb><C:/Users/chris/AppData/Local/Programs/MiKTeX/fonts/typ
e1/public/amsfonts/cm/cmr12.pfb><C:/Users/chris/AppData/Local/Programs/MiKTeX/fo
nts/type1/public/amsfonts/cm/cmsy10.pfb>
Output written on figures/plots/neuron_behaviour.tikz.pdf (1 page, 377640 bytes)
.

PDF statistics: 32 PDF objects out of 1000 (max. 8388607)
 1 named destinations out of 1000 (max. 131072)
 16 words of extra memory for PDF output out of 10000 (max. 100000000)

